  main_form.cpp
C:\Users\Кирилл\source\repos\db_kursach_okonnoe\db_kursach_okonnoe\struct.h(72,13): warning C4996: 'strtok': This function or variable may be unsafe. Consider using strtok_s instead. To disable deprecation, use _CRT_SECURE_NO_WARNINGS. See online help for details.
C:\Users\Кирилл\source\repos\db_kursach_okonnoe\db_kursach_okonnoe\struct.h(88,14): warning C4996: 'strtok': This function or variable may be unsafe. Consider using strtok_s instead. To disable deprecation, use _CRT_SECURE_NO_WARNINGS. See online help for details.
C:\Users\Кирилл\source\repos\db_kursach_okonnoe\db_kursach_okonnoe\struct.h(96,16): warning C4101: check: неиспользованная локальная переменная
C:\Users\Кирилл\source\repos\db_kursach_okonnoe\db_kursach_okonnoe\struct.h(136,13): warning C4996: 'strtok': This function or variable may be unsafe. Consider using strtok_s instead. To disable deprecation, use _CRT_SECURE_NO_WARNINGS. See online help for details.
C:\Users\Кирилл\source\repos\db_kursach_okonnoe\db_kursach_okonnoe\struct.h(152,14): warning C4996: 'strtok': This function or variable may be unsafe. Consider using strtok_s instead. To disable deprecation, use _CRT_SECURE_NO_WARNINGS. See online help for details.
C:\Users\Кирилл\source\repos\db_kursach_okonnoe\db_kursach_okonnoe\struct.h(160,16): warning C4101: check: неиспользованная локальная переменная
C:\Users\Кирилл\source\repos\db_kursach_okonnoe\db_kursach_okonnoe\struct.h(201,13): warning C4996: 'strtok': This function or variable may be unsafe. Consider using strtok_s instead. To disable deprecation, use _CRT_SECURE_NO_WARNINGS. See online help for details.
C:\Users\Кирилл\source\repos\db_kursach_okonnoe\db_kursach_okonnoe\struct.h(217,14): warning C4996: 'strtok': This function or variable may be unsafe. Consider using strtok_s instead. To disable deprecation, use _CRT_SECURE_NO_WARNINGS. See online help for details.
C:\Users\Кирилл\source\repos\db_kursach_okonnoe\db_kursach_okonnoe\struct.h(225,16): warning C4101: check: неиспользованная локальная переменная
C:\Users\Кирилл\source\repos\db_kursach_okonnoe\db_kursach_okonnoe\struct.h(265,13): warning C4996: 'strtok': This function or variable may be unsafe. Consider using strtok_s instead. To disable deprecation, use _CRT_SECURE_NO_WARNINGS. See online help for details.
C:\Users\Кирилл\source\repos\db_kursach_okonnoe\db_kursach_okonnoe\struct.h(281,14): warning C4996: 'strtok': This function or variable may be unsafe. Consider using strtok_s instead. To disable deprecation, use _CRT_SECURE_NO_WARNINGS. See online help for details.
C:\Users\Кирилл\source\repos\db_kursach_okonnoe\db_kursach_okonnoe\struct.h(289,16): warning C4101: check: неиспользованная локальная переменная
C:\Users\Кирилл\source\repos\db_kursach_okonnoe\db_kursach_okonnoe\struct.h(329,13): warning C4996: 'strtok': This function or variable may be unsafe. Consider using strtok_s instead. To disable deprecation, use _CRT_SECURE_NO_WARNINGS. See online help for details.
C:\Users\Кирилл\source\repos\db_kursach_okonnoe\db_kursach_okonnoe\struct.h(345,14): warning C4996: 'strtok': This function or variable may be unsafe. Consider using strtok_s instead. To disable deprecation, use _CRT_SECURE_NO_WARNINGS. See online help for details.
C:\Users\Кирилл\source\repos\db_kursach_okonnoe\db_kursach_okonnoe\struct.h(353,16): warning C4101: check: неиспользованная локальная переменная
C:\Users\Кирилл\source\repos\db_kursach_okonnoe\db_kursach_okonnoe\_classes.h(54,13): warning C4996: 'strtok': This function or variable may be unsafe. Consider using strtok_s instead. To disable deprecation, use _CRT_SECURE_NO_WARNINGS. See online help for details.
C:\Users\Кирилл\source\repos\db_kursach_okonnoe\db_kursach_okonnoe\_classes.h(128,14): warning C4996: 'strtok': This function or variable may be unsafe. Consider using strtok_s instead. To disable deprecation, use _CRT_SECURE_NO_WARNINGS. See online help for details.
C:\Users\Кирилл\source\repos\db_kursach_okonnoe\db_kursach_okonnoe\_classes.h(136,16): warning C4101: check: неиспользованная локальная переменная
C:\Users\Кирилл\source\repos\db_kursach_okonnoe\db_kursach_okonnoe\_classes.h(195,13): warning C4996: 'strtok': This function or variable may be unsafe. Consider using strtok_s instead. To disable deprecation, use _CRT_SECURE_NO_WARNINGS. See online help for details.
C:\Users\Кирилл\source\repos\db_kursach_okonnoe\db_kursach_okonnoe\_classes.h(254,14): warning C4996: 'strtok': This function or variable may be unsafe. Consider using strtok_s instead. To disable deprecation, use _CRT_SECURE_NO_WARNINGS. See online help for details.
C:\Users\Кирилл\source\repos\db_kursach_okonnoe\db_kursach_okonnoe\_classes.h(264,16): warning C4101: check: неиспользованная локальная переменная
C:\Users\Кирилл\source\repos\db_kursach_okonnoe\db_kursach_okonnoe\_classes.h(315,13): warning C4996: 'strtok': This function or variable may be unsafe. Consider using strtok_s instead. To disable deprecation, use _CRT_SECURE_NO_WARNINGS. See online help for details.
C:\Users\Кирилл\source\repos\db_kursach_okonnoe\db_kursach_okonnoe\_classes.h(336,14): warning C4996: 'strtok': This function or variable may be unsafe. Consider using strtok_s instead. To disable deprecation, use _CRT_SECURE_NO_WARNINGS. See online help for details.
C:\Users\Кирилл\source\repos\db_kursach_okonnoe\db_kursach_okonnoe\_classes.h(346,16): warning C4101: check: неиспользованная локальная переменная
C:\Users\Кирилл\source\repos\db_kursach_okonnoe\db_kursach_okonnoe\_classes.h(405,13): warning C4996: 'strtok': This function or variable may be unsafe. Consider using strtok_s instead. To disable deprecation, use _CRT_SECURE_NO_WARNINGS. See online help for details.
C:\Users\Кирилл\source\repos\db_kursach_okonnoe\db_kursach_okonnoe\_classes.h(433,14): warning C4996: 'strtok': This function or variable may be unsafe. Consider using strtok_s instead. To disable deprecation, use _CRT_SECURE_NO_WARNINGS. See online help for details.
C:\Users\Кирилл\source\repos\db_kursach_okonnoe\db_kursach_okonnoe\_classes.h(443,16): warning C4101: check: неиспользованная локальная переменная
C:\Users\Кирилл\source\repos\db_kursach_okonnoe\db_kursach_okonnoe\_classes.h(514,13): warning C4996: 'strtok': This function or variable may be unsafe. Consider using strtok_s instead. To disable deprecation, use _CRT_SECURE_NO_WARNINGS. See online help for details.
C:\Users\Кирилл\source\repos\db_kursach_okonnoe\db_kursach_okonnoe\_classes.h(532,14): warning C4996: 'strtok': This function or variable may be unsafe. Consider using strtok_s instead. To disable deprecation, use _CRT_SECURE_NO_WARNINGS. See online help for details.
C:\Users\Кирилл\source\repos\db_kursach_okonnoe\db_kursach_okonnoe\_classes.h(542,16): warning C4101: check: неиспользованная локальная переменная
C:\Users\Кирилл\source\repos\db_kursach_okonnoe\db_kursach_okonnoe\_classes.h(589,13): warning C4996: 'strtok': This function or variable may be unsafe. Consider using strtok_s instead. To disable deprecation, use _CRT_SECURE_NO_WARNINGS. See online help for details.
C:\Users\Кирилл\source\repos\db_kursach_okonnoe\db_kursach_okonnoe\_classes.h(611,14): warning C4996: 'strtok': This function or variable may be unsafe. Consider using strtok_s instead. To disable deprecation, use _CRT_SECURE_NO_WARNINGS. See online help for details.
C:\Users\Кирилл\source\repos\db_kursach_okonnoe\db_kursach_okonnoe\_classes.h(621,16): warning C4101: check: неиспользованная локальная переменная
C:\Users\Кирилл\source\repos\db_kursach_okonnoe\db_kursach_okonnoe\_classes.h(665,13): warning C4996: 'strtok': This function or variable may be unsafe. Consider using strtok_s instead. To disable deprecation, use _CRT_SECURE_NO_WARNINGS. See online help for details.
C:\Users\Кирилл\source\repos\db_kursach_okonnoe\db_kursach_okonnoe\_classes.h(683,14): warning C4996: 'strtok': This function or variable may be unsafe. Consider using strtok_s instead. To disable deprecation, use _CRT_SECURE_NO_WARNINGS. See online help for details.
C:\Users\Кирилл\source\repos\db_kursach_okonnoe\db_kursach_okonnoe\_classes.h(693,16): warning C4101: check: неиспользованная локальная переменная
C:\Users\Кирилл\source\repos\db_kursach_okonnoe\db_kursach_okonnoe\main_form.h(2312,6): warning C4101: i: неиспользованная локальная переменная
C:\Users\Кирилл\source\repos\db_kursach_okonnoe\db_kursach_okonnoe\main_form.h(2512,6): warning C4101: i: неиспользованная локальная переменная
C:\Users\Кирилл\source\repos\db_kursach_okonnoe\db_kursach_okonnoe\main_form.h(2968,20): warning C4101: t: неиспользованная локальная переменная
  main_form.obj : обнаружен модуль MSIL; для MSIL последовательная компоновка отключена; выполняется полная компоновка
  db_kursach_okonnoe.vcxproj -> C:\Users\Кирилл\source\repos\db_kursach_okonnoe\Debug\db_kursach_okonnoe.exe
